build/app/outputs/mapping/release/mapping.txt
# compiler: R8
# compiler_version: 1.5.64
# min_api: 16
# pg_map_id: 1ee18be
...
io.grpc.internal.RetryPolicy$Provider -> c.b.n1.x1$a:
io.grpc.internal.SerializeReentrantCallsDirectExecutor -> c.b.n1.y1:
    boolean executing -> a
    java.util.ArrayDeque taskQueue -> b
    java.util.logging.Logger log -> c
    void completeQueuedTasks() -> a
    void enqueue(java.lang.Runnable) -> a
io.grpc.internal.SerializingExecutor -> c.b.n1.z1:
    java.util.Queue runQueue -> b
    java.util.concurrent.Executor executor -> a
    java.util.logging.Logger log -> d
    io.grpc.internal.SerializingExecutor$AtomicHelper atomicHelper -> e
    int runState -> c
    int access$300(io.grpc.internal.SerializingExecutor) -> a
    int access$302(io.grpc.internal.SerializingExecutor,int) -> a
    io.grpc.internal.SerializingExecutor$AtomicHelper getAtomicHelper() -> a
    void schedule(java.lang.Runnable) -> a
io.grpc.internal.SerializingExecutor$1 -> c.b.n1.z1$a:
io.grpc.internal.SerializingExecutor$AtomicHelper -> c.b.n1.z1$b:
    boolean runStateCompareAndSet(io.grpc.internal.SerializingExecutor,int,int) -> a
    void runStateSet(io.grpc.internal.SerializingExecutor,int) -> a
io.grpc.internal.SerializingExecutor$FieldUpdaterAtomicHelper -> c.b.n1.z1$c:
    java.util.concurrent.atomic.AtomicIntegerFieldUpdater runStateUpdater -> a
    boolean runStateCompareAndSet(io.grpc.internal.SerializingExecutor,int,int) -> a
    void runStateSet(io.grpc.internal.SerializingExecutor,int) -> a
io.grpc.internal.SerializingExecutor$SynchronizedAtomicHelper -> c.b.n1.z1$d:
    boolean runStateCompareAndSet(io.grpc.internal.SerializingExecutor,int,int) -> a
    void runStateSet(io.grpc.internal.SerializingExecutor,int) -> a
io.grpc.internal.ServiceConfigInterceptor -> c.b.n1.a2:
    boolean initComplete -> e
    io.grpc.CallOptions$Key HEDGING_POLICY_KEY -> g
    java.util.concurrent.atomic.AtomicReference managedChannelServiceConfig -> a
    int maxHedgedAttemptsLimit -> d
    io.grpc.CallOptions$Key RETRY_POLICY_KEY -> f
    boolean retryEnabled -> b
    int maxRetryAttemptsLimit -> c
    boolean access$000(io.grpc.internal.ServiceConfigInterceptor) -> a
    io.grpc.internal.HedgingPolicy getHedgingPolicyFromConfig(io.grpc.MethodDescriptor) -> a
    void handleUpdate(java.util.Map) -> a
    io.grpc.ClientCall interceptCall(io.grpc.MethodDescriptor,io.grpc.CallOptions,io.grpc.Channel) -> a
    io.grpc.internal.RetryPolicy getRetryPolicyFromConfig(io.grpc.MethodDescriptor) -> b
    io.grpc.internal.ManagedChannelServiceConfig$MethodInfo getMethodInfo(io.grpc.MethodDescriptor) -> c
io.grpc.internal.ServiceConfigInterceptor$1DelayedHedgingPolicyProvider -> c.b.n1.a2$a:
    io.grpc.MethodDescriptor val$method -> a
    io.grpc.internal.ServiceConfigInterceptor this$0 -> b
io.grpc.internal.ServiceConfigInterceptor$1DelayedRetryPolicyProvider -> c.b.n1.a2$b:
    io.grpc.MethodDescriptor val$method -> a
    io.grpc.internal.ServiceConfigInterceptor this$0 -> b
io.grpc.internal.ServiceConfigInterceptor$1ImmediateHedgingPolicyProvider -> c.b.n1.a2$c:
    io.grpc.internal.HedgingPolicy val$hedgingPolicy -> a
io.grpc.internal.ServiceConfigInterceptor$1ImmediateRetryPolicyProvider -> c.b.n1.a2$d:
    io.grpc.internal.RetryPolicy val$retryPolicy -> a